This is pdfTeX, Version 3.141592653-2.6-1.40.25 (TeX Live 2023) (preloaded format=latex 2023.4.11)  11 APR 2023 12:34
entering extended mode
 restricted \write18 enabled.
 %&-line parsing enabled.
**q
(/usr/local/texlive/2023/texmf-dist/tex/latex/tools/q.tex
LaTeX2e <2022-11-01> patch level 1
L3 programming layer <2023-03-30> File ignored
)
! Emergency stop.
<*> q
     
*** (job aborted, no legal \end found)

 
Here is how much of TeX's memory you used:
 17 strings out of 476018
 510 string characters out of 5789794
 1849663 words of memory out of 5000000
 20577 multiletter control sequences out of 15000+600000
 512287 words of font info for 32 fonts, out of 8000000 for 9000
 1141 hyphenation exceptions out of 8191
 13i,0n,12p,81b,10s stack positions out of 10000i,1000n,20000p,200000b,200000s
No pages of output.
